Post Processor Report
OrCAD FILE: D:\UTENTI\00.CAD\00.PROGETTI\METALTRONICA\22-310-0\22-310-0.MAX
Mon Dec 18 16:13:16 2023

*********************************************************

Output file: D:\UTENTI\00.CAD\00.PROGETTI\METALTRONICA\22-310-0\22-310-0.TOP

Aperture totals for D:\UTENTI\00.CAD\00.PROGETTI\METALTRONICA\22-310-0\22-310-0.TOP:
---------------------------------------------------------
D10:  0.1260 ROUND  --       0 Draws,       4 Flashes
D11:  0.0394 ROUND  --       0 Draws,      18 Flashes
D12:  0.0501 x 0.0404 RECTANGLE -----       4 Flashes
D13:  0.0380 x 0.0320 RECTANGLE -----      70 Flashes
D14:  0.0404 x 0.0501 RECTANGLE -----       2 Flashes
D15:  0.0527 x 0.0630 RECTANGLE -----       2 Flashes
D16:  0.1913 x 0.1496 RECTANGLE -----       1 Flashes
D17:  0.0590 ROUND  --       0 Draws,       2 Flashes
D18:  0.0590 SQUARE --       0 Draws,       1 Flashes
D19:  0.0787 x 0.1181 OBLONG    -----       2 Flashes
D20:  0.0669 ROUND  --       0 Draws,       6 Flashes
D21:  0.0669 SQUARE --       0 Draws,       3 Flashes
D22:  0.0787 ROUND  --       0 Draws,       9 Flashes
D23:  0.0512 ROUND  --       0 Draws,       2 Flashes
D24:  0.0866 ROUND  --       0 Draws,       2 Flashes
D25:  0.0630 ROUND  --       0 Draws,      12 Flashes
D26:  0.0551 ROUND  --       0 Draws,       3 Flashes
D27:  0.0984 x 0.0394 RECTANGLE -----       2 Flashes
D28:  0.0400 x 0.0500 RECTANGLE -----      15 Flashes
D29:  0.0315 x 0.0354 RECTANGLE -----       3 Flashes
D30:  0.0500 x 0.0400 RECTANGLE -----       3 Flashes
D31:  0.0320 x 0.0380 RECTANGLE -----       2 Flashes
D32:  0.0710 x 0.0400 RECTANGLE -----       6 Flashes
D33:  0.1000 x 0.0600 RECTANGLE -----       2 Flashes
D34:  0.2760 SQUARE --       0 Draws,       1 Flashes
D35:  0.0270 x 0.0500 RECTANGLE -----      15 Flashes
D36:  0.0650 x 0.0256 OBLONG    -----      16 Flashes
D37:  0.0236 x 0.0157 RECTANGLE -----       5 Flashes
D38:  0.0197 x 0.0157 RECTANGLE -----       6 Flashes
D39:  0.0680 x 0.1580 RECTANGLE -----       1 Flashes
D40:  0.0680 x 0.0550 RECTANGLE -----       3 Flashes
D41:  0.0100 ROUND  --    4976 Draws,       0 Flashes
D42:  0.0250 ROUND  --     177 Draws,       0 Flashes
D43:  0.0120 ROUND  --     259 Draws,       0 Flashes
D44:  0.0394 ROUND  --       0 Draws,      40 Flashes
D45:  0.0400 ROUND  --       3 Draws,       0 Flashes
D46:  0.0500 ROUND  --      34 Draws,       0 Flashes
D47:  0.0080 ROUND  --      48 Draws,       0 Flashes
---------------------------------------------------------
 38 D-Codes      -----    5497 Draws,     263 Flashes

*********************************************************

Output file: D:\UTENTI\00.CAD\00.PROGETTI\METALTRONICA\22-310-0\22-310-0.BOT

Aperture totals for D:\UTENTI\00.CAD\00.PROGETTI\METALTRONICA\22-310-0\22-310-0.BOT:
---------------------------------------------------------
D10:  0.1260 ROUND  --       0 Draws,       4 Flashes
D17:  0.0590 ROUND  --       0 Draws,       2 Flashes
D18:  0.0590 SQUARE --       0 Draws,       1 Flashes
D19:  0.0787 x 0.1181 OBLONG    -----       2 Flashes
D20:  0.0669 ROUND  --       0 Draws,       6 Flashes
D21:  0.0669 SQUARE --       0 Draws,       3 Flashes
D22:  0.0787 ROUND  --       0 Draws,       9 Flashes
D23:  0.0512 ROUND  --       0 Draws,       2 Flashes
D24:  0.0866 ROUND  --       0 Draws,       2 Flashes
D25:  0.0630 ROUND  --       0 Draws,      12 Flashes
D26:  0.0551 ROUND  --       0 Draws,       3 Flashes
D41:  0.0100 ROUND  --    2416 Draws,       0 Flashes
D42:  0.0250 ROUND  --      24 Draws,       0 Flashes
D43:  0.0120 ROUND  --      31 Draws,       0 Flashes
D44:  0.0394 ROUND  --       0 Draws,      39 Flashes
D46:  0.0500 ROUND  --       6 Draws,       0 Flashes
D48:  0.0394 ROUND  --       0 Draws,       1 Flashes
---------------------------------------------------------
 17 D-Codes      -----    2477 Draws,      86 Flashes

*********************************************************

Output file: D:\UTENTI\00.CAD\00.PROGETTI\METALTRONICA\22-310-0\22-310-0.SMT

Aperture totals for D:\UTENTI\00.CAD\00.PROGETTI\METALTRONICA\22-310-0\22-310-0.SMT:
---------------------------------------------------------
D11:  0.0394 ROUND  --       0 Draws,      15 Flashes
D12:  0.0501 x 0.0404 RECTANGLE -----       4 Flashes
D13:  0.0380 x 0.0320 RECTANGLE -----      70 Flashes
D14:  0.0404 x 0.0501 RECTANGLE -----       2 Flashes
D15:  0.0527 x 0.0630 RECTANGLE -----       2 Flashes
D16:  0.1913 x 0.1496 RECTANGLE -----       1 Flashes
D17:  0.0590 ROUND  --       0 Draws,       5 Flashes
D18:  0.0590 SQUARE --       0 Draws,       1 Flashes
D19:  0.0787 x 0.1181 OBLONG    -----       2 Flashes
D20:  0.0669 ROUND  --       0 Draws,       6 Flashes
D21:  0.0669 SQUARE --       0 Draws,       3 Flashes
D22:  0.0787 ROUND  --       0 Draws,       9 Flashes
D24:  0.0866 ROUND  --       0 Draws,       2 Flashes
D25:  0.0630 ROUND  --       0 Draws,      12 Flashes
D27:  0.0984 x 0.0394 RECTANGLE -----       2 Flashes
D28:  0.0400 x 0.0500 RECTANGLE -----      15 Flashes
D29:  0.0315 x 0.0354 RECTANGLE -----       3 Flashes
D30:  0.0500 x 0.0400 RECTANGLE -----       3 Flashes
D31:  0.0320 x 0.0380 RECTANGLE -----       2 Flashes
D32:  0.0710 x 0.0400 RECTANGLE -----       6 Flashes
D33:  0.1000 x 0.0600 RECTANGLE -----       2 Flashes
D34:  0.2760 SQUARE --       0 Draws,       1 Flashes
D35:  0.0270 x 0.0500 RECTANGLE -----      15 Flashes
D36:  0.0650 x 0.0256 OBLONG    -----      16 Flashes
D37:  0.0236 x 0.0157 RECTANGLE -----       5 Flashes
D38:  0.0197 x 0.0157 RECTANGLE -----       6 Flashes
D39:  0.0680 x 0.1580 RECTANGLE -----       1 Flashes
D40:  0.0680 x 0.0550 RECTANGLE -----       3 Flashes
---------------------------------------------------------
 28 D-Codes      -----       0 Draws,     214 Flashes

*********************************************************

Output file: D:\UTENTI\00.CAD\00.PROGETTI\METALTRONICA\22-310-0\22-310-0.SMB

Aperture totals for D:\UTENTI\00.CAD\00.PROGETTI\METALTRONICA\22-310-0\22-310-0.SMB:
---------------------------------------------------------
D17:  0.0590 ROUND  --       0 Draws,       2 Flashes
D18:  0.0590 SQUARE --       0 Draws,       1 Flashes
D19:  0.0787 x 0.1181 OBLONG    -----       2 Flashes
D20:  0.0669 ROUND  --       0 Draws,       6 Flashes
D21:  0.0669 SQUARE --       0 Draws,       3 Flashes
D22:  0.0787 ROUND  --       0 Draws,       9 Flashes
D24:  0.0866 ROUND  --       0 Draws,       2 Flashes
D25:  0.0630 ROUND  --       0 Draws,      12 Flashes
---------------------------------------------------------
  8 D-Codes      -----       0 Draws,      37 Flashes

*********************************************************

Output file: D:\UTENTI\00.CAD\00.PROGETTI\METALTRONICA\22-310-0\22-310-0.SPT

Aperture totals for D:\UTENTI\00.CAD\00.PROGETTI\METALTRONICA\22-310-0\22-310-0.SPT:
---------------------------------------------------------
D12:  0.0501 x 0.0404 RECTANGLE -----       4 Flashes
D13:  0.0380 x 0.0320 RECTANGLE -----      70 Flashes
D14:  0.0404 x 0.0501 RECTANGLE -----       2 Flashes
D27:  0.0984 x 0.0394 RECTANGLE -----       2 Flashes
D28:  0.0400 x 0.0500 RECTANGLE -----      15 Flashes
D29:  0.0315 x 0.0354 RECTANGLE -----       3 Flashes
D30:  0.0500 x 0.0400 RECTANGLE -----       3 Flashes
D31:  0.0320 x 0.0380 RECTANGLE -----       2 Flashes
D32:  0.0710 x 0.0400 RECTANGLE -----       6 Flashes
D33:  0.1000 x 0.0600 RECTANGLE -----       2 Flashes
D35:  0.0270 x 0.0500 RECTANGLE -----      15 Flashes
D36:  0.0650 x 0.0256 OBLONG    -----      16 Flashes
D37:  0.0236 x 0.0157 RECTANGLE -----       5 Flashes
D38:  0.0197 x 0.0157 RECTANGLE -----       6 Flashes
D39:  0.0680 x 0.1580 RECTANGLE -----       1 Flashes
D40:  0.0680 x 0.0550 RECTANGLE -----       3 Flashes
D41:  0.0100 ROUND  --     104 Draws,       0 Flashes
D49:  0.0354 SQUARE --       0 Draws,       2 Flashes
D50:  0.0060 ROUND  --     148 Draws,       0 Flashes
---------------------------------------------------------
 19 D-Codes      -----     252 Draws,     157 Flashes

*********************************************************

Output file: D:\UTENTI\00.CAD\00.PROGETTI\METALTRONICA\22-310-0\22-310-0.SST

Aperture totals for D:\UTENTI\00.CAD\00.PROGETTI\METALTRONICA\22-310-0\22-310-0.SST:
---------------------------------------------------------
D41:  0.0100 ROUND  --     194 Draws,       0 Flashes
D47:  0.0080 ROUND  --     101 Draws,       0 Flashes
D50:  0.0060 ROUND  --    1900 Draws,       0 Flashes
D51:  0.0079 ROUND  --      34 Draws,       0 Flashes
---------------------------------------------------------
  4 D-Codes      -----    2229 Draws,       0 Flashes

*********************************************************

Output file: D:\UTENTI\00.CAD\00.PROGETTI\METALTRONICA\22-310-0\22-310-0.SSB

Aperture totals for D:\UTENTI\00.CAD\00.PROGETTI\METALTRONICA\22-310-0\22-310-0.SSB:
---------------------------------------------------------
D50:  0.0060 ROUND  --     153 Draws,       0 Flashes
---------------------------------------------------------
  1 D-Codes      -----     153 Draws,       0 Flashes

*********************************************************

Output file: D:\UTENTI\00.CAD\00.PROGETTI\METALTRONICA\22-310-0\22-310-0.DRD

Aperture totals for D:\UTENTI\00.CAD\00.PROGETTI\METALTRONICA\22-310-0\22-310-0.DRD:
---------------------------------------------------------
D41:  0.0100 ROUND  --    1162 Draws,       0 Flashes
---------------------------------------------------------
  1 D-Codes      -----    1162 Draws,       0 Flashes

*********************************************************

Output file: D:\UTENTI\00.CAD\00.PROGETTI\METALTRONICA\22-310-0\22-310-0.DRL

Aperture totals for D:\UTENTI\00.CAD\00.PROGETTI\METALTRONICA\22-310-0\22-310-0.DRL:
---------------------------------------------------------
D10:  0.1260 ROUND  --       0 Draws,       4 Flashes
D23:  0.0512 ROUND  --       0 Draws,       2 Flashes
D25:  0.0630 ROUND  --       0 Draws,       5 Flashes
D26:  0.0551 ROUND  --       0 Draws,       3 Flashes
D41:  0.0100 ROUND  --       4 Draws,       0 Flashes
D52:  0.0354 ROUND  --       0 Draws,      15 Flashes
D53:  0.0472 ROUND  --       0 Draws,      17 Flashes
D54:  0.0551 ROUND  --       3 Draws,       0 Flashes
D55:  0.0079 ROUND  --       0 Draws,      40 Flashes
---------------------------------------------------------
  9 D-Codes      -----       7 Draws,      86 Flashes


*********************************************************

Aperture totals for entire project:
---------------------------------------------------------
D10:  0.1260 ROUND  --       0 Draws,      12 Flashes
D11:  0.0394 ROUND  --       0 Draws,      33 Flashes
D12:  0.0501 x 0.0404 RECTANGLE -----      12 Flashes
D13:  0.0380 x 0.0320 RECTANGLE -----     210 Flashes
D14:  0.0404 x 0.0501 RECTANGLE -----       6 Flashes
D15:  0.0527 x 0.0630 RECTANGLE -----       4 Flashes
D16:  0.1913 x 0.1496 RECTANGLE -----       2 Flashes
D17:  0.0590 ROUND  --       0 Draws,      11 Flashes
D18:  0.0590 SQUARE --       0 Draws,       4 Flashes
D19:  0.0787 x 0.1181 OBLONG    -----       8 Flashes
D20:  0.0669 ROUND  --       0 Draws,      24 Flashes
D21:  0.0669 SQUARE --       0 Draws,      12 Flashes
D22:  0.0787 ROUND  --       0 Draws,      36 Flashes
D23:  0.0512 ROUND  --       0 Draws,       6 Flashes
D24:  0.0866 ROUND  --       0 Draws,       8 Flashes
D25:  0.0630 ROUND  --       0 Draws,      53 Flashes
D26:  0.0551 ROUND  --       0 Draws,       9 Flashes
D27:  0.0984 x 0.0394 RECTANGLE -----       6 Flashes
D28:  0.0400 x 0.0500 RECTANGLE -----      45 Flashes
D29:  0.0315 x 0.0354 RECTANGLE -----       9 Flashes
D30:  0.0500 x 0.0400 RECTANGLE -----       9 Flashes
D31:  0.0320 x 0.0380 RECTANGLE -----       6 Flashes
D32:  0.0710 x 0.0400 RECTANGLE -----      18 Flashes
D33:  0.1000 x 0.0600 RECTANGLE -----       6 Flashes
D34:  0.2760 SQUARE --       0 Draws,       2 Flashes
D35:  0.0270 x 0.0500 RECTANGLE -----      45 Flashes
D36:  0.0650 x 0.0256 OBLONG    -----      48 Flashes
D37:  0.0236 x 0.0157 RECTANGLE -----      15 Flashes
D38:  0.0197 x 0.0157 RECTANGLE -----      18 Flashes
D39:  0.0680 x 0.1580 RECTANGLE -----       3 Flashes
D40:  0.0680 x 0.0550 RECTANGLE -----       9 Flashes
D41:  0.0100 ROUND  --    8856 Draws,       0 Flashes
D42:  0.0250 ROUND  --     201 Draws,       0 Flashes
D43:  0.0120 ROUND  --     290 Draws,       0 Flashes
D44:  0.0394 ROUND  --       0 Draws,      79 Flashes
D45:  0.0400 ROUND  --       3 Draws,       0 Flashes
D46:  0.0500 ROUND  --      40 Draws,       0 Flashes
D47:  0.0080 ROUND  --     149 Draws,       0 Flashes
D48:  0.0394 ROUND  --       0 Draws,       1 Flashes
D49:  0.0354 SQUARE --       0 Draws,       2 Flashes
D50:  0.0060 ROUND  --    2201 Draws,       0 Flashes
D51:  0.0079 ROUND  --      34 Draws,       0 Flashes
D52:  0.0354 ROUND  --       0 Draws,      15 Flashes
D53:  0.0472 ROUND  --       0 Draws,      17 Flashes
D54:  0.0551 ROUND  --       3 Draws,       0 Flashes
D55:  0.0079 ROUND  --       0 Draws,      40 Flashes
---------------------------------------------------------
 46 D-Codes      -----   11777 Draws,     843 Flashes


No warnings or errors.
